<?xml version="1.0" encoding="UTF-8"?>
<testsuite xmlns:xsi="http://www.w3.org/2001/XMLSchema-instance" xsi:noNamespaceSchemaLocation="https://maven.apache.org/surefire/maven-surefire-plugin/xsd/surefire-test-report-3.0.xsd" version="3.0" name="TestSuite" time="9.207" tests="11" errors="0" skipped="0" failures="0">
  <properties>
    <property name="java.specification.version" value="21"/>
    <property name="sun.cpu.isalist" value="amd64"/>
    <property name="sun.jnu.encoding" value="Cp1252"/>
    <property name="java.class.path" value="C:\Users\SHASHANK\Downloads\AI_Coach\target\test-classes;C:\Users\SHASHANK\Downloads\AI_Coach\target\classes;C:\Users\SHASHANK\.m2\repository\io\rest-assured\rest-assured\5.4.0\rest-assured-5.4.0.jar;C:\Users\SHASHANK\.m2\repository\org\apache\groovy\groovy\4.0.16\groovy-4.0.16.jar;C:\Users\SHASHANK\.m2\repository\org\apache\groovy\groovy-xml\4.0.16\groovy-xml-4.0.16.jar;C:\Users\SHASHANK\.m2\repository\org\apache\httpcomponents\httpclient\4.5.13\httpclient-4.5.13.jar;C:\Users\SHASHANK\.m2\repository\org\apache\httpcomponents\httpcore\4.4.13\httpcore-4.4.13.jar;C:\Users\SHASHANK\.m2\repository\commons-logging\commons-logging\1.2\commons-logging-1.2.jar;C:\Users\SHASHANK\.m2\repository\commons-codec\commons-codec\1.11\commons-codec-1.11.jar;C:\Users\SHASHANK\.m2\repository\org\apache\httpcomponents\httpmime\4.5.13\httpmime-4.5.13.jar;C:\Users\SHASHANK\.m2\repository\org\hamcrest\hamcrest\2.2\hamcrest-2.2.jar;C:\Users\SHASHANK\.m2\repository\org\ccil\cowan\tagsoup\tagsoup\1.2.1\tagsoup-1.2.1.jar;C:\Users\SHASHANK\.m2\repository\io\rest-assured\json-path\5.4.0\json-path-5.4.0.jar;C:\Users\SHASHANK\.m2\repository\org\apache\groovy\groovy-json\4.0.16\groovy-json-4.0.16.jar;C:\Users\SHASHANK\.m2\repository\io\rest-assured\rest-assured-common\5.4.0\rest-assured-common-5.4.0.jar;C:\Users\SHASHANK\.m2\repository\io\rest-assured\xml-path\5.4.0\xml-path-5.4.0.jar;C:\Users\SHASHANK\.m2\repository\org\apache\commons\commons-lang3\3.11\commons-lang3-3.11.jar;C:\Users\SHASHANK\.m2\repository\org\testng\testng\7.10.2\testng-7.10.2.jar;C:\Users\SHASHANK\.m2\repository\org\slf4j\slf4j-api\1.7.36\slf4j-api-1.7.36.jar;C:\Users\SHASHANK\.m2\repository\com\beust\jcommander\1.82\jcommander-1.82.jar;C:\Users\SHASHANK\.m2\repository\org\webjars\jquery\3.7.1\jquery-3.7.1.jar;C:\Users\SHASHANK\.m2\repository\io\qameta\allure\allure-testng\2.25.0\allure-testng-2.25.0.jar;C:\Users\SHASHANK\.m2\repository\io\qameta\allure\allure-java-commons\2.25.0\allure-java-commons-2.25.0.jar;C:\Users\SHASHANK\.m2\repository\io\qameta\allure\allure-model\2.25.0\allure-model-2.25.0.jar;C:\Users\SHASHANK\.m2\repository\io\qameta\allure\allure-test-filter\2.25.0\allure-test-filter-2.25.0.jar;C:\Users\SHASHANK\.m2\repository\org\apache\poi\poi-ooxml\5.3.0\poi-ooxml-5.3.0.jar;C:\Users\SHASHANK\.m2\repository\org\apache\poi\poi\5.3.0\poi-5.3.0.jar;C:\Users\SHASHANK\.m2\repository\org\apache\commons\commons-math3\3.6.1\commons-math3-3.6.1.jar;C:\Users\SHASHANK\.m2\repository\com\zaxxer\SparseBitSet\1.3\SparseBitSet-1.3.jar;C:\Users\SHASHANK\.m2\repository\org\apache\poi\poi-ooxml-lite\5.3.0\poi-ooxml-lite-5.3.0.jar;C:\Users\SHASHANK\.m2\repository\org\apache\xmlbeans\xmlbeans\5.2.1\xmlbeans-5.2.1.jar;C:\Users\SHASHANK\.m2\repository\org\apache\commons\commons-compress\1.26.2\commons-compress-1.26.2.jar;C:\Users\SHASHANK\.m2\repository\commons-io\commons-io\2.16.1\commons-io-2.16.1.jar;C:\Users\SHASHANK\.m2\repository\com\github\virtuald\curvesapi\1.08\curvesapi-1.08.jar;C:\Users\SHASHANK\.m2\repository\org\apache\logging\log4j\log4j-api\2.23.1\log4j-api-2.23.1.jar;C:\Users\SHASHANK\.m2\repository\org\apache\commons\commons-collections4\4.4\commons-collections4-4.4.jar;"/>
    <property name="java.vm.vendor" value="Oracle Corporation"/>
    <property name="sun.arch.data.model" value="64"/>
    <property name="user.variant" value=""/>
    <property name="java.vendor.url" value="https://java.oracle.com/"/>
    <property name="user.timezone" value="Asia/Calcutta"/>
    <property name="os.name" value="Windows 11"/>
    <property name="java.vm.specification.version" value="21"/>
    <property name="sun.java.launcher" value="SUN_STANDARD"/>
    <property name="user.country" value="IN"/>
    <property name="sun.boot.library.path" value="C:\Program Files\Java\jdk-21\bin"/>
    <property name="sun.java.command" value="C:\Users\SHASHANK\AppData\Local\Temp\surefire15199257836483552989\surefirebooter-20241105130136984_3.jar C:\Users\SHASHANK\AppData\Local\Temp\surefire15199257836483552989 2024-11-05T13-01-34_657-jvmRun1 surefire-20241105130136984_1tmp surefire_0-20241105130136984_2tmp"/>
    <property name="jdk.debug" value="release"/>
    <property name="surefire.test.class.path" value="C:\Users\SHASHANK\Downloads\AI_Coach\target\test-classes;C:\Users\SHASHANK\Downloads\AI_Coach\target\classes;C:\Users\SHASHANK\.m2\repository\io\rest-assured\rest-assured\5.4.0\rest-assured-5.4.0.jar;C:\Users\SHASHANK\.m2\repository\org\apache\groovy\groovy\4.0.16\groovy-4.0.16.jar;C:\Users\SHASHANK\.m2\repository\org\apache\groovy\groovy-xml\4.0.16\groovy-xml-4.0.16.jar;C:\Users\SHASHANK\.m2\repository\org\apache\httpcomponents\httpclient\4.5.13\httpclient-4.5.13.jar;C:\Users\SHASHANK\.m2\repository\org\apache\httpcomponents\httpcore\4.4.13\httpcore-4.4.13.jar;C:\Users\SHASHANK\.m2\repository\commons-logging\commons-logging\1.2\commons-logging-1.2.jar;C:\Users\SHASHANK\.m2\repository\commons-codec\commons-codec\1.11\commons-codec-1.11.jar;C:\Users\SHASHANK\.m2\repository\org\apache\httpcomponents\httpmime\4.5.13\httpmime-4.5.13.jar;C:\Users\SHASHANK\.m2\repository\org\hamcrest\hamcrest\2.2\hamcrest-2.2.jar;C:\Users\SHASHANK\.m2\repository\org\ccil\cowan\tagsoup\tagsoup\1.2.1\tagsoup-1.2.1.jar;C:\Users\SHASHANK\.m2\repository\io\rest-assured\json-path\5.4.0\json-path-5.4.0.jar;C:\Users\SHASHANK\.m2\repository\org\apache\groovy\groovy-json\4.0.16\groovy-json-4.0.16.jar;C:\Users\SHASHANK\.m2\repository\io\rest-assured\rest-assured-common\5.4.0\rest-assured-common-5.4.0.jar;C:\Users\SHASHANK\.m2\repository\io\rest-assured\xml-path\5.4.0\xml-path-5.4.0.jar;C:\Users\SHASHANK\.m2\repository\org\apache\commons\commons-lang3\3.11\commons-lang3-3.11.jar;C:\Users\SHASHANK\.m2\repository\org\testng\testng\7.10.2\testng-7.10.2.jar;C:\Users\SHASHANK\.m2\repository\org\slf4j\slf4j-api\1.7.36\slf4j-api-1.7.36.jar;C:\Users\SHASHANK\.m2\repository\com\beust\jcommander\1.82\jcommander-1.82.jar;C:\Users\SHASHANK\.m2\repository\org\webjars\jquery\3.7.1\jquery-3.7.1.jar;C:\Users\SHASHANK\.m2\repository\io\qameta\allure\allure-testng\2.25.0\allure-testng-2.25.0.jar;C:\Users\SHASHANK\.m2\repository\io\qameta\allure\allure-java-commons\2.25.0\allure-java-commons-2.25.0.jar;C:\Users\SHASHANK\.m2\repository\io\qameta\allure\allure-model\2.25.0\allure-model-2.25.0.jar;C:\Users\SHASHANK\.m2\repository\io\qameta\allure\allure-test-filter\2.25.0\allure-test-filter-2.25.0.jar;C:\Users\SHASHANK\.m2\repository\org\apache\poi\poi-ooxml\5.3.0\poi-ooxml-5.3.0.jar;C:\Users\SHASHANK\.m2\repository\org\apache\poi\poi\5.3.0\poi-5.3.0.jar;C:\Users\SHASHANK\.m2\repository\org\apache\commons\commons-math3\3.6.1\commons-math3-3.6.1.jar;C:\Users\SHASHANK\.m2\repository\com\zaxxer\SparseBitSet\1.3\SparseBitSet-1.3.jar;C:\Users\SHASHANK\.m2\repository\org\apache\poi\poi-ooxml-lite\5.3.0\poi-ooxml-lite-5.3.0.jar;C:\Users\SHASHANK\.m2\repository\org\apache\xmlbeans\xmlbeans\5.2.1\xmlbeans-5.2.1.jar;C:\Users\SHASHANK\.m2\repository\org\apache\commons\commons-compress\1.26.2\commons-compress-1.26.2.jar;C:\Users\SHASHANK\.m2\repository\commons-io\commons-io\2.16.1\commons-io-2.16.1.jar;C:\Users\SHASHANK\.m2\repository\com\github\virtuald\curvesapi\1.08\curvesapi-1.08.jar;C:\Users\SHASHANK\.m2\repository\org\apache\logging\log4j\log4j-api\2.23.1\log4j-api-2.23.1.jar;C:\Users\SHASHANK\.m2\repository\org\apache\commons\commons-collections4\4.4\commons-collections4-4.4.jar;"/>
    <property name="sun.cpu.endian" value="little"/>
    <property name="user.home" value="C:\Users\SHASHANK"/>
    <property name="user.language" value="en"/>
    <property name="java.specification.vendor" value="Oracle Corporation"/>
    <property name="java.version.date" value="2024-01-16"/>
    <property name="java.home" value="C:\Program Files\Java\jdk-21"/>
    <property name="file.separator" value="\"/>
    <property name="basedir" value="C:\Users\SHASHANK\Downloads\AI_Coach"/>
    <property name="java.vm.compressedOopsMode" value="32-bit"/>
    <property name="line.separator" value="&#10;"/>
    <property name="java.vm.specification.vendor" value="Oracle Corporation"/>
    <property name="java.specification.name" value="Java Platform API Specification"/>
    <property name="surefire.real.class.path" value="C:\Users\SHASHANK\AppData\Local\Temp\surefire15199257836483552989\surefirebooter-20241105130136984_3.jar"/>
    <property name="user.script" value=""/>
    <property name="sun.management.compiler" value="HotSpot 64-Bit Tiered Compilers"/>
    <property name="java.runtime.version" value="21.0.2+13-LTS-58"/>
    <property name="user.name" value="SHASHANK"/>
    <property name="stdout.encoding" value="Cp1252"/>
    <property name="path.separator" value=";"/>
    <property name="os.version" value="10.0"/>
    <property name="java.runtime.name" value="Java(TM) SE Runtime Environment"/>
    <property name="file.encoding" value="UTF-8"/>
    <property name="java.vm.name" value="Java HotSpot(TM) 64-Bit Server VM"/>
    <property name="localRepository" value="C:\Users\SHASHANK\.m2\repository"/>
    <property name="java.vendor.url.bug" value="https://bugreport.java.com/bugreport/"/>
    <property name="java.io.tmpdir" value="C:\Users\SHASHANK\AppData\Local\Temp\"/>
    <property name="idea.version" value="2023.3.7"/>
    <property name="java.version" value="21.0.2"/>
    <property name="user.dir" value="C:\Users\SHASHANK\Downloads\AI_Coach"/>
    <property name="os.arch" value="amd64"/>
    <property name="java.vm.specification.name" value="Java Virtual Machine Specification"/>
    <property name="sun.os.patch.level" value=""/>
    <property name="native.encoding" value="Cp1252"/>
    <property name="java.library.path" value="C:\Program Files\Java\jdk-21\bin;C:\WINDOWS\Sun\Java\bin;C:\WINDOWS\system32;C:\WINDOWS;D:\VMware pro\bin\;C:\Program Files\Common Files\Oracle\Java\javapath;C:\windows\system32;C:\windows;C:\windows\System32\Wbem;C:\windows\System32\WindowsPowerShell\v1.0\;C:\windows\System32\OpenSSH\;C:\Program Files (x86)\NVIDIA Corporation\PhysX\Common;C:\Program Files\NVIDIA Corporation\NVIDIA NvDLISR;C:\WINDOWS\system32;C:\WINDOWS;C:\WINDOWS\System32\Wbem;C:\WINDOWS\System32\WindowsPowerShell\v1.0\;C:\WINDOWS\System32\OpenSSH\;C:\Program Files\Pandoc\;C:\Program Files\Docker\Docker\resources\bin;C:\Program Files\Java\jdk-21\bin;C:\Users\SHASHANK\Downloads\apache-maven-3.9.6\bin;C:\Program Files\HP\HP One Agent;D:\Git\cmd;D:\flutter\bin;C:\Program Files\MySQL\MySQL Shell 8.0\bin\;C:\Users\SHASHANK\AppData\Local\Microsoft\WindowsApps;C:\Program Files\JetBrains\IntelliJ IDEA Community Edition 2023.3.4\bin;;C:\Program Files\Java\jdk1.8.0_202\bin;."/>
    <property name="java.vm.info" value="mixed mode, sharing"/>
    <property name="stderr.encoding" value="Cp1252"/>
    <property name="java.vendor" value="Oracle Corporation"/>
    <property name="java.vm.version" value="21.0.2+13-LTS-58"/>
    <property name="sun.io.unicode.encoding" value="UnicodeLittle"/>
    <property name="java.class.version" value="65.0"/>
  </properties>
  <testcase name="LoginUser_POST" classname="APITest" time="3.07">
    <system-out><![CDATA[{"email":"vishal@mailinator.com","password":"Vishal@123"}
eyJhbGciOiJIUzI1NiIsInR5cCI6IkpXVCJ9.eyJpZCI6MTAsImp0aSI6ImRiNjFhYzFnZTQwYmEwNzZmYTU0NDYyNTk4NzRnNGMxZ2IyMDFlN2MiLCJpYXQiOjE3MzA3OTE4OTYsImV4cCI6MTc2MjM0OTQ5Nn0.NZ1X4sC7e_eiwWSrQxvDjdUTkW6AsalmmgslBBEj5NQ
{"message":"User login successfully.","data":{"email":"vishal@mailinator.com","country":null,"countryCode":null,"phoneNumber":null,"changePasswordStatus":1,"auth":{"tokenType":"Bearer","accessToken":"eyJhbGciOiJIUzI1NiIsInR5cCI6IkpXVCJ9.eyJpZCI6MTAsImp0aSI6ImRiNjFhYzFnZTQwYmEwNzZmYTU0NDYyNTk4NzRnNGMxZ2IyMDFlN2MiLCJpYXQiOjE3MzA3OTE4OTYsImV4cCI6MTc2MjM0OTQ5Nn0.NZ1X4sC7e_eiwWSrQxvDjdUTkW6AsalmmgslBBEj5NQ","refreshToken":null,"expiresIn":31536000}}}
]]></system-out>
    <system-err><![CDATA[SLF4J: Failed to load class "org.slf4j.impl.StaticLoggerBinder".
SLF4J: Defaulting to no-operation (NOP) logger implementation
SLF4J: See http://www.slf4j.org/codes.html#StaticLoggerBinder for further details.
]]></system-err>
  </testcase>
  <testcase name="LanguageUpdate_PUT" classname="APITest" time="0.277">
    <system-out><![CDATA[eyJhbGciOiJIUzI1NiIsInR5cCI6IkpXVCJ9.eyJpZCI6MTAsImp0aSI6ImRiNjFhYzFnZTQwYmEwNzZmYTU0NDYyNTk4NzRnNGMxZ2IyMDFlN2MiLCJpYXQiOjE3MzA3OTE4OTYsImV4cCI6MTc2MjM0OTQ5Nn0.NZ1X4sC7e_eiwWSrQxvDjdUTkW6AsalmmgslBBEj5NQ
{"languageId": "22","language": "English"}
{"message":"Language change successfully.","success":true}
]]></system-out>
  </testcase>
  <testcase name="Language_GET" classname="APITest" time="0.254">
    <system-out><![CDATA[{"message":"Language Get successfully.","success":true,"data":{"languageId":"22","language":"English"}}
]]></system-out>
  </testcase>
  <testcase name="GetRepositoryDetails_GET" classname="APITest" time="0.328">
    <system-out><![CDATA[{
    "message": "success",
    "success": true,
    "data": [
        {
            "id": 40,
            "userId": 10,
            "name": "Animated Repository",
            "image": "https://staging.bes-learning.com/ai-coach/admin/repositoryImage/repositoryImage-69176adcc171d867-1726035141632.jpg",
            "accountDetails": {
                "accountImage": "https://staging.bes-learning.com/ai-coach/accountImage/accountImage-1724329731946.jpeg"
            },
            "personaCount": "02",
            "rating": 0
        },
        {
            "id": 51,
            "userId": 10,
            "name": "Non-animated repository",
            "image": "https://staging.bes-learning.com/ai-coach/admin/repositoryImage/repositoryImage-dc61bf5dfd3479c6-1726037249727.png",
            "accountDetails": {
                "accountImage": "https://staging.bes-learning.com/ai-coach/accountImage/accountImage-1724329731946.jpeg"
            },
            "personaCount": "01",
            "rating": 0
        },
        {
            "id": 120,
            "userId": 10,
            "name": "Kibo NobleKibo NobleKibo NobleKibo NobleKibo NobleKibo NobleKibo NobleKibo NobleKibo NobleKibo NobleKibo NobleKibo NobleKibo NobleKibo NobleKibo NobleKibo NobleKibo NobleKibo NobleKibo NobleKibo NobleKibo NobleKibo NobleKibo NobleKibo NobleKibo Noble",
            "image": "https://staging.bes-learning.com/ai-coach/admin/repositoryImage/repositoryImage-6e4e3dff4d674b44-1728977613290.png",
            "accountDetails": {
                "accountImage": "https://staging.bes-learning.com/ai-coach/accountImage/accountImage-1724329731946.jpeg"
            },
            "personaCount": "08",
            "rating": 0
        },
        {
            "id": 122,
            "userId": 10,
            "name": "Cadman Preston",
            "image": "https://staging.bes-learning.com/ai-coach/admin/repositoryImage/repositoryImage-a1805c40eda8ac9b-1729238325577.png",
            "accountDetails": {
                "accountImage": "https://staging.bes-learning.com/ai-coach/accountImage/accountImage-1724329731946.jpeg"
            },
            "personaCount": "03",
            "rating": 0
        }
    ],
    "meta": {
        "total": 4,
        "currentPage": 1,
        "perPage": 10,
        "lastPage": 1
    }
}
---------------------repoId: 40
]]></system-out>
  </testcase>
  <testcase name="GetPersonaDetails_GET" classname="APITest" time="0.299">
    <system-out><![CDATA[------------------------------79
------------------------------https://staging.bes-learning.com/ai-coach/admin/repositoryPersonaImage/image-00db11033b09bd8a-1726117575627.png
{
    "message": "Success",
    "success": true,
    "data": [
        {
            "id": 79,
            "userId": 10,
            "repositoryId": 40,
            "image": "https://staging.bes-learning.com/ai-coach/admin/repositoryPersonaImage/image-00db11033b09bd8a-1726117575627.png",
            "simulationType": "Job Interview Simulation",
            "userRole": "Job Candidate",
            "aiName": "InterviewBot",
            "aiRole": "Job Interviewer",
            "publicDes": "A simulation of a job interview for a marketing manager position. The AI acts as the interviewer, while the user is the candidate being interviewed.",
            "additionalInformation": "The job is for a mid-level marketing position focusing on digital strategy.\r\nThe AI should ask questions about the candidate's experience with digital campaigns, team leadership, and marketing analytics.\r\nThe user should be prepared to discuss past projects, key metrics, and how they handled challenges in previous roles.",
            "userGoal": "To successfully complete the interview and convince the AI that they are the best fit for the marketing manager role.",
            "aiVoice": "en-US-AvaMultilingualNeural",
            "aiVoiceId": "en-US-AvaMultilingualNeural",
            "aiAnimation": 1,
            "aiGif": "https://staging.bes-learning.com/ai-coach/admin/image-00db11033b09bd8a-1726117575627.mp4"
        },
        {
            "id": 80,
            "userId": 10,
            "repositoryId": 40,
            "image": "https://staging.bes-learning.com/ai-coach/admin/repositoryPersonaImage/image-6c788c4b98018112-1726117632146.png",
            "simulationType": "Incididunt dolor lor",
            "userRole": "Magni quis est volup",
            "aiName": "Mannix Mendez",
            "aiRole": "Hic aut tempore sit",
            "publicDes": "Aliquam sed non et c",
            "additionalInformation": "Quo quis et quaerat ",
            "userGoal": "Fugiat dolorem volu",
            "aiVoice": "de-DE-FlorianMultilingualNeural",
            "aiVoiceId": "de-DE-FlorianMultilingualNeural",
            "aiAnimation": 1,
            "aiGif": "https://staging.bes-learning.com/ai-coach/admin/image-6c788c4b98018112-1726117632146.mp4"
        }
    ],
    "meta": {
        "total": 2,
        "currentPage": 1,
        "perPage": 10,
        "lastPage": 1
    }
}
]]></system-out>
  </testcase>
  <testcase name="GetLanguageList_GET" classname="APITest" time="0.221">
    <system-out><![CDATA[{
    "message": "Languages list retrieved successfully.",
    "success": true,
    "data": [
        {
            "id": 22,
            "name": "English"
        }
    ]
}
]]></system-out>
  </testcase>
  <testcase name="ChatWithPersona_POST" classname="APITest" time="1.672">
    <system-out><![CDATA[{"personaId": "79", "language": "English", "content": [{"role": "user", "content": "Marketing manager"}]}
{
    "data": {
        "message": "Thank you for your interest in the Marketing Manager position. To start, could you please describe your experience with digital marketing campaigns? Specifically, I would like to know about a campaign you led, the strategies you employed, and the outcomes you achieved.",
        "aiVoice": "en-US-AvaMultilingualNeural",
        "aiVoiceId": "en-US-AvaMultilingualNeural",
        "aiAnimation": 1,
        "lastMessage": "Thank you for your interest in the marketing manager position. To start, could you please tell me about your background in marketing and any specific experience you have with digital campaigns?"
    }
}
]]></system-out>
  </testcase>
  <testcase name="GetFeedback_POST" classname="APITest" time="1.293">
    <system-out><![CDATA[{"personaId": "79", "language": "English", "lastAIMessage": "Last AI Message", "lastUserMessage": "Last User Message"}
{
    "data": {
        "message": "It seems there is no specific content provided from the conversation between the Job Interviewer and Job Candidate. To give appropriate feedback, I would need to see the details of their interaction. Please provide the excerpts of the conversation for a thorough analysis."
    }
}
]]></system-out>
  </testcase>
  <testcase name="GetVideoDuration_GET" classname="APITest" time="0.53">
    <system-out><![CDATA[{
    "message": "Success",
    "success": true
}
]]></system-out>
  </testcase>
  <testcase name="UserLogout_POST" classname="APITest" time="0.233">
    <system-out><![CDATA[{"message":"User logged out successfully."}
]]></system-out>
  </testcase>
  <testcase name="ForgotPassword_POST" classname="APITest" time="0.226">
    <system-out><![CDATA[{"email": "vishal@mailinator.com"}
{"message":"Please check your inbox. We sent you an email with reset password link."}
]]></system-out>
  </testcase>
</testsuite>